[0m16:27:42.210509 [debug] [MainThread]: Sending event: {'category': 'dbt', 'action': 'invocation', 'label': 'start', 'context': [<snowplow_tracker.self_describing_json.SelfDescribingJson object at 0x108063230>, <snowplow_tracker.self_describing_json.SelfDescribingJson object at 0x1095bf610>, <snowplow_tracker.self_describing_json.SelfDescribingJson object at 0x1095bf750>]}


============================== 16:27:42.214165 | de607468-212e-49d2-989a-df0b2b43b9f0 ==============================
[0m16:27:42.214165 [info ] [MainThread]: Running with dbt=1.11.7
[0m16:27:42.214535 [debug] [MainThread]: running dbt with arguments {'log_format': 'default', 'introspect': 'True', 'send_anonymous_usage_stats': 'True', 'fail_fast': 'False', 'write_json': 'True', 'indirect_selection': 'eager', 'version_check': 'True', 'printer_width': '80', 'log_cache_events': 'False', 'invocation_command': 'dbt init --skip-profile-setup airbnb', 'no_print': 'None', 'static_parser': 'True', 'use_experimental_parser': 'False', 'profiles_dir': '/Users/patrickmin/.dbt', 'empty': 'None', 'target_path': 'None', 'debug': 'False', 'partial_parse': 'True', 'use_colors': 'True', 'warn_error': 'None', 'quiet': 'False', 'warn_error_options': 'WarnErrorOptionsV2(error=[], warn=[], silence=[])', 'log_path': 'logs', 'cache_selected_only': 'False'}
[0m16:27:42.259175 [info ] [MainThread]: Creating dbt configuration folder at /Users/patrickmin/.dbt
[0m16:27:42.260823 [debug] [MainThread]: Starter project path: /Users/patrickmin/Documents/GitHub/course/.venv/lib/python3.13/site-packages/dbt/include/starter_project
[0m16:27:42.265356 [info ] [MainThread]: 
Your new dbt project "airbnb" was created!

For more information on how to configure the profiles.yml file,
please consult the dbt documentation here:

  https://docs.getdbt.com/docs/configure-your-profile

One more thing:

Need help? Don't hesitate to reach out to us via GitHub issues or on Slack:

  https://community.getdbt.com/

Happy modeling!

[0m16:27:42.265824 [debug] [MainThread]: Resource report: {"command_name": "init", "command_success": true, "command_wall_clock_time": 0.12113146, "process_in_blocks": "0", "process_kernel_time": 0.18073, "process_mem_max_rss": "115736576", "process_out_blocks": "0", "process_user_time": 0.837515}
[0m16:27:42.266144 [debug] [MainThread]: Command `dbt init` succeeded at 16:27:42.266071 after 0.12 seconds
[0m16:27:42.266431 [debug] [MainThread]: Sending event: {'category': 'dbt', 'action': 'invocation', 'label': 'end', 'context': [<snowplow_tracker.self_describing_json.SelfDescribingJson object at 0x10976c180>, <snowplow_tracker.self_describing_json.SelfDescribingJson object at 0x109774a70>, <snowplow_tracker.self_describing_json.SelfDescribingJson object at 0x1096805a0>]}
[0m16:27:42.266724 [debug] [MainThread]: Flushing usage events
[0m16:27:42.440797 [debug] [MainThread]: An error was encountered while trying to flush usage events
